<?xml version="1.0" encoding="UTF-8"?>
<!-- Generated by org.testng.reporters.JUnitXMLReporter -->
<testsuite hostname="DESKTOP-5U4E5L3" ignored="0" name="Default test" tests="2" failures="0" timestamp="17 Mar 2024 16:59:59 GMT" time="33.428" errors="0">
  <testcase name="initialDemo" time="14.684" classname="rahulshettyacademy.ExtentReports.ExtentReportDemo"/>
  <testcase name="initialDemo1" time="18.548" classname="rahulshettyacademy.ExtentReports.ExtentReportDemo"/>
</testsuite> <!-- Default test -->
