<?xml version="1.0" encoding="UTF-8"?>
<testng-results ignored="0" total="1" passed="1" failed="0" skipped="0">
  <reporter-output>
  </reporter-output>
  <suite started-at="2024-03-23T19:09:03Z" name="Suite" finished-at="2024-03-23T19:09:23Z" duration-ms="19930">
    <groups>
    </groups>
    <test started-at="2024-03-23T19:09:03Z" name="Test" finished-at="2024-03-23T19:09:23Z" duration-ms="19930">
      <class name="rahulshettyacademy.ExtentReports.ExtentReportDemo">
        <test-method is-config="true" signature="config()[pri:0, instance:rahulshettyacademy.ExtentReports.ExtentReportDemo@3f91b517]" started-at="2024-03-23T19:09:03Z" name="config" finished-at="2024-03-23T19:09:03Z" duration-ms="236" status="PASS">
          <reporter-output>
          </reporter-output>
        </test-method> <!-- config -->
        <test-method signature="initialDemo()[pri:0, instance:rahulshettyacademy.ExtentReports.ExtentReportDemo@3f91b517]" started-at="2024-03-23T19:09:03Z" name="initialDemo" finished-at="2024-03-23T19:09:23Z" duration-ms="19672" status="PASS">
          <reporter-output>
          </reporter-output>
        </test-method> <!-- initialDemo -->
      </class> <!-- rahulshettyacademy.ExtentReports.ExtentReportDemo -->
    </test> <!-- Test -->
  </suite> <!-- Suite -->
</testng-results>
